<?xml version="1.0" encoding="UTF-8"?>
<testsuite name="com.swagger.SwaggerApplicationTests" tests="1" skipped="0" failures="0" errors="0" timestamp="2024-01-21T06:13:07" hostname="DESKTOP-QNSNHB4" time="0.628">
  <properties/>
  <testcase name="contextLoads()" classname="com.swagger.SwaggerApplicationTests" time="0.628"/>
  <system-out><![CDATA[
  .   ____          _            __ _ _
 /\\ / ___'_ __ _ _(_)_ __  __ _ \ \ \ \
( ( )\___ | '_ | '_| | '_ \/ _` | \ \ \ \
 \\/  ___)| |_)| | | | | || (_| |  ) ) ) )
  '  |____| .__|_| |_|_| |_\__, | / / / /
 =========|_|==============|___/=/_/_/_/
 :: Spring Boot ::                (v2.6.0)

[2024-01-20 22:13:03] application [Test worker] [StartupInfoLogger.java:55] INFO : Starting SwaggerApplicationTests using Java 17.0.2 on DESKTOP-QNSNHB4 with PID 19884 (started by Wolverine in C:\Users\Wolverine\Desktop\Java_Program\Banking\swagger)
[2024-01-20 22:13:03] application [Test worker] [SpringApplication.java:635] INFO : No active profile set, falling back to default profiles: default
[2024-01-20 22:13:07] application [Test worker] [StartupInfoLogger.java:61] INFO : Started SwaggerApplicationTests in 4.502 seconds (JVM running for 6.691)
]]></system-out>
  <system-err><![CDATA[]]></system-err>
</testsuite>
